<?xml version="1.0" encoding="UTF-8"?>

<persistence version="2.0"
   xmlns="http://java.sun.com/xml/ns/persistence" xmlns:xsi="http://www.w3.org/2001/XMLSchema-instance"
   xsi:schemaLocation="
        http://java.sun.com/xml/ns/persistence
        http://java.sun.com/xml/ns/persistence/persistence_2_0.xsd">
   <persistence-unit name="primary">
       <!--I use a different database for tests, so as to not overwrite
         production data. This is an unmanaged data source, backed by H2, an in memory
         database. Production applications should use a managed datasource. -->
   </persistence-unit>
</persistence>
